ble/build/intermediates/manifest_merge_blame_file/debug/manifest-merger-blame-debug-report.txt
1<?xml version="1.0" encoding="utf-8"?>
2<!--
3 Copyright 2013 The Android Open Source Project
4
5 Licensed under the Apache License, Version 2.0 (the "License");
6 you may not use this file except in compliance with the License.
7 You may obtain a copy of the License at
8
9     http://www.apache.org/licenses/LICENSE-2.0
10
11 Unless required by applicable law or agreed to in writing, software
12 distributed under the License is distributed on an "AS IS" BASIS,
13 WITHOUT WARRANTIES OR CONDITIONS OF ANY KIND, either express or implied.
14 See the License for the specific language governing permissions and
15 limitations under the License.
16-->
17<manifest xmlns:android="http://schemas.android.com/apk/res/android"
18    package="com.example.android.bluetoothlegatt"
19    android:versionCode="1"
20    android:versionName="1.0" >
21
22    <uses-sdk android:minSdkVersion="18" />
22-->src/main/AndroidManifest.xml
23
24    <!-- Min/target SDK versions (<uses-sdk>) managed by build.gradle -->
25
26
27    <!--
28    Declare this required feature if you want to make the app available to BLE-capable
29    devices only.  If you want to make your app available to devices that don't support BLE,
30    you should omit this in the manifest.  Instead, determine BLE capability by using
31    PackageManager.hasSystemFeature(FEATURE_BLUETOOTH_LE)
32    -->
33    <uses-feature
33-->src/main/AndroidManifest.xml:31:5-33:35
34        android:name="android.hardware.bluetooth_le"
34-->src/main/AndroidManifest.xml:32:9-53
35        android:required="true" />
35-->src/main/AndroidManifest.xml:33:9-32
36
37    <uses-permission android:name="android.permission.BLUETOOTH" />
37-->src/main/AndroidManifest.xml:35:5-68
37-->src/main/AndroidManifest.xml:35:22-65
38    <uses-permission android:name="android.permission.BLUETOOTH_ADMIN" />
38-->src/main/AndroidManifest.xml:36:5-74
38-->src/main/AndroidManifest.xml:36:22-71
39    <uses-permission android:name="android.permission.ACCESS_COARSE_LOCATION" />
39-->src/main/AndroidManifest.xml:37:5-81
39-->src/main/AndroidManifest.xml:37:22-78
40    <uses-permission android:name="android.permission.ACCESS_FINE_LOCATION" />
40-->src/main/AndroidManifest.xml:38:5-79
40-->src/main/AndroidManifest.xml:38:22-76
41
42    <application
42-->src/main/AndroidManifest.xml:40:5-63:19
43        android:appComponentFactory="androidx.core.app.CoreComponentFactory"
43-->[androidx.core:core:1.0.0] AndroidManifest.xml:22:18-86
44        android:debuggable="true"
45        android:icon="@drawable/ic_launcher"
45-->src/main/AndroidManifest.xml:41:9-45
46        android:label="@string/app_name"
46-->src/main/AndroidManifest.xml:42:9-41
47        android:testOnly="true"
48        android:theme="@android:style/Theme.Holo.Light" >
48-->src/main/AndroidManifest.xml:43:9-56
49        <activity
49-->src/main/AndroidManifest.xml:44:9-52:20
50            android:name="com.example.android.bluetoothlegatt.DeviceScanActivity"
50-->src/main/AndroidManifest.xml:45:13-47
51            android:label="@string/app_name" >
51-->src/main/AndroidManifest.xml:46:13-45
52            <intent-filter>
52-->src/main/AndroidManifest.xml:47:13-51:29
53                <action android:name="android.intent.action.MAIN" />
53-->src/main/AndroidManifest.xml:48:17-69
53-->src/main/AndroidManifest.xml:48:25-66
54
55                <category android:name="android.intent.category.LAUNCHER" />
55-->src/main/AndroidManifest.xml:50:17-77
55-->src/main/AndroidManifest.xml:50:27-74
56            </intent-filter>
57        </activity>
58        <activity android:name="com.example.android.bluetoothlegatt.DeviceControlActivity" />
58-->src/main/AndroidManifest.xml:53:9-59
58-->src/main/AndroidManifest.xml:53:19-56
59
60        <service
60-->src/main/AndroidManifest.xml:55:9-58:15
61            android:name="com.example.android.bluetoothlegatt.BluetoothLeService"
61-->src/main/AndroidManifest.xml:56:13-47
62            android:enabled="true" />
62-->src/main/AndroidManifest.xml:57:13-35
63
64        <activity
64-->src/main/AndroidManifest.xml:60:9-62:20
65            android:name="com.example.android.bluetoothlegatt.SarangActivity"
65-->src/main/AndroidManifest.xml:60:19-49
66            android:screenOrientation="landscape" >
66-->src/main/AndroidManifest.xml:61:13-50
67        </activity>
68    </application>
69
70</manifest>